#
# There is insufficient memory for the Java Runtime Environment to continue.
# Native memory allocation (malloc) failed to allocate 656336 bytes for Chunk::new
# Possible reasons:
#   The system is out of physical RAM or swap space
#   In 32 bit mode, the process size limit was hit
# Possible solutions:
#   Reduce memory load on the system
#   Increase physical memory or swap space
#   Check if swap backing store is full
#   Use 64 bit Java on a 64 bit OS
#   Decrease Java heap size (-Xmx/-Xms)
#   Decrease number of Java threads
#   Decrease Java thread stack sizes (-Xss)
#   Set larger code cache with -XX:ReservedCodeCacheSize=
# This output file may be truncated or incomplete.
#
#  Out of Memory Error (allocation.cpp:390), pid=16584, tid=0x0000000000000b60
#
# JRE version: Java(TM) SE Runtime Environment (8.0_191-b12) (build 1.8.0_191-b12)
# Java VM: Java HotSpot(TM) 64-Bit Server VM (25.191-b12 mixed mode windows-amd64 compressed oops)
# Failed to write core dump. Minidumps are not enabled by default on client versions of Windows
#

---------------  T H R E A D  ---------------

Current thread (0x0000000018074800):  JavaThread "C2 CompilerThread1" daemon [_thread_in_native, id=2912, stack(0x00000000197d0000,0x00000000198d0000)]

Stack: [0x00000000197d0000,0x00000000198d0000]
[error occurred during error reporting (printing stack bounds), id 0xc0000005]

Native frames: (J=compiled Java code, j=interpreted, Vv=VM code, C=native code)


Current CompileTask:
C2:   3363 2603   !   4       java.net.URLClassLoader$1::run (63 bytes)


---------------  P R O C E S S  ---------------

Java Threads: ( => current thread )
  0x0000000064d8f800 JavaThread "C3P0PooledConnectionPoolManager[identityToken->1bqoq4i9zfe72v81jyav40|188a630c]-HelperThread-#2" daemon [_thread_blocked, id=7264, stack(0x0000000067950000,0x0000000067a50000)]
  0x000000002121b000 JavaThread "C3P0PooledConnectionPoolManager[identityToken->1bqoq4i9zfe72v81jyav40|188a630c]-HelperThread-#1" daemon [_thread_blocked, id=16564, stack(0x0000000067850000,0x0000000067950000)]
  0x0000000021219800 JavaThread "C3P0PooledConnectionPoolManager[identityToken->1bqoq4i9zfe72v81jyav40|188a630c]-HelperThread-#0" daemon [_thread_in_vm, id=6460, stack(0x0000000067750000,0x0000000067850000)]
  0x0000000021216800 JavaThread "C3P0PooledConnectionPoolManager[identityToken->1bqoq4i9zfe72v81jyav40|188a630c]-AdminTaskTimer" daemon [_thread_blocked, id=524, stack(0x0000000067650000,0x0000000067750000)]
  0x000000002121d000 JavaThread "Abandoned connection cleanup thread" daemon [_thread_blocked, id=9176, stack(0x0000000067250000,0x0000000067350000)]
  0x000000002121b800 JavaThread "URL-Loader-7" daemon [_thread_blocked, id=16448, stack(0x0000000066150000,0x0000000066250000)]
  0x0000000021218800 JavaThread "URL-Loader-6" daemon [_thread_blocked, id=12012, stack(0x0000000066050000,0x0000000066150000)]
  0x0000000021218000 JavaThread "URL-Loader-5" daemon [_thread_blocked, id=12028, stack(0x0000000065f50000,0x0000000066050000)]
  0x000000002121c800 JavaThread "URL-Loader-4" daemon [_thread_blocked, id=9968, stack(0x0000000065e50000,0x0000000065f50000)]
  0x000000002121a000 JavaThread "URL-Loader-3" daemon [_thread_blocked, id=10196, stack(0x0000000065d50000,0x0000000065e50000)]
  0x0000000021217000 JavaThread "URL-Loader-2" daemon [_thread_blocked, id=3524, stack(0x0000000064230000,0x0000000064330000)]
  0x0000000020f47000 JavaThread "URL-Loader-1" daemon [_thread_blocked, id=16676, stack(0x0000000063950000,0x0000000063a50000)]
  0x0000000020ecf000 JavaThread "Disposer" daemon [_thread_blocked, id=15756, stack(0x0000000063650000,0x0000000063750000)]
  0x0000000020ecc000 JavaThread "Prism Font Disposer" daemon [_thread_blocked, id=10072, stack(0x0000000062d50000,0x0000000062e50000)]
  0x0000000019db9800 JavaThread "Thread-3" daemon [_thread_in_native, id=1892, stack(0x0000000021620000,0x0000000021720000)]
  0x0000000019dce000 JavaThread "JavaFX-Launcher" [_thread_blocked, id=3028, stack(0x0000000021720000,0x0000000021820000)]
  0x0000000019d4b800 JavaThread "JavaFX Application Thread" [_thread_blocked, id=15896, stack(0x000000001a500000,0x000000001a600000)]
  0x0000000019d4a000 JavaThread "Thread-1" daemon [_thread_blocked, id=16512, stack(0x000000001a400000,0x000000001a500000)]
  0x0000000019d18000 JavaThread "QuantumRenderer-0" daemon [_thread_blocked, id=15376, stack(0x000000001a0d0000,0x000000001a1d0000)]
  0x0000000019a08800 JavaThread "Service Thread" daemon [_thread_blocked, id=16296, stack(0x0000000019dd0000,0x0000000019ed0000)]
  0x000000001807a000 JavaThread "C1 CompilerThread2" daemon [_thread_blocked, id=11832, stack(0x00000000198d0000,0x00000000199d0000)]
=>0x0000000018074800 JavaThread "C2 CompilerThread1" daemon [_thread_in_native, id=2912, stack(0x00000000197d0000,0x00000000198d0000)]
  0x0000000018070800 JavaThread "C2 CompilerThread0" daemon [_thread_in_native, id=4924, stack(0x00000000196d0000,0x00000000197d0000)]
  0x000000001806e800 JavaThread "Attach Listener" daemon [_thread_blocked, id=13676, stack(0x00000000195d0000,0x00000000196d0000)]
  0x000000001806e000 JavaThread "Signal Dispatcher" daemon [_thread_blocked, id=12252, stack(0x00000000194d0000,0x00000000195d0000)]
  0x000000001805a000 JavaThread "Finalizer" daemon [_thread_blocked, id=15680, stack(0x00000000192d0000,0x00000000193d0000)]
  0x0000000003592800 JavaThread "Reference Handler" daemon [_thread_blocked, id=13036, stack(0x00000000191d0000,0x00000000192d0000)]
  0x00000000034a3800 JavaThread "main" [_thread_blocked, id=12536, stack(0x00000000032a0000,0x00000000033a0000)]

Other Threads:
  0x0000000018038000 VMThread [stack: 0x00000000190d0000,0x00000000191d0000] [id=15536]
  0x0000000019a31000 WatcherThread [stack: 0x0000000019ed0000,0x0000000019fd0000] [id=14412]

VM state:not at safepoint (normal execution)

VM Mutex/Monitor currently owned by a thread: None

Heap:
 PSYoungGen      total 93696K, used 20361K [0x00000000d6100000, 0x00000000def80000, 0x0000000100000000)
  eden space 81408K, 25% used [0x00000000d6100000,0x00000000d74e25e0,0x00000000db080000)
  from space 12288K, 0% used [0x00000000dbc00000,0x00000000dbc00000,0x00000000dc800000)
  to   space 11776K, 0% used [0x00000000db080000,0x00000000db080000,0x00000000dbc00000)
 ParOldGen       total 80896K, used 13442K [0x0000000082200000, 0x0000000087100000, 0x00000000d6100000)
  object space 80896K, 16% used [0x0000000082200000,0x0000000082f20bc0,0x0000000087100000)
 Metaspace       used 37530K, capacity 38494K, committed 38912K, reserved 1085440K
  class space    used 5267K, capacity 5505K, committed 5632K, reserved 1048576K

Card table byte_map: [0x0000000012960000,0x0000000012d50000] byte_map_base: 0x000000001254f000

Marking Bits: (ParMarkBitMap*) 0x0000000073553e30
 Begin Bits: [0x00000000133f0000, 0x0000000015368000)
 End Bits:   [0x0000000015368000, 0x00000000172e0000)

Polling page: 0x00000000030e0000

CodeCache: size=245760Kb used=8657Kb max_used=8657Kb free=237102Kb
 bounds [0x00000000035a0000, 0x0000000003e20000, 0x00000000125a0000]
 total_blobs=3525 nmethods=2643 adapters=794
 compilation: enabled

Compilation events (10 events):
Event: 3.327 Thread 0x000000001807a000 2643       3       java.util.logging.Logger::getLogger (9 bytes)
Event: 3.327 Thread 0x000000001807a000 nmethod 2643 0x0000000003e172d0 code [0x0000000003e17440, 0x0000000003e175f8]
Event: 3.327 Thread 0x000000001807a000 2644       3       java.util.logging.Logger::demandLogger (42 bytes)
Event: 3.328 Thread 0x000000001807a000 nmethod 2644 0x0000000003e17690 code [0x0000000003e178e0, 0x0000000003e18708]
Event: 3.328 Thread 0x000000001807a000 2645       3       java.util.logging.LogManager::getLogger (9 bytes)
Event: 3.328 Thread 0x000000001807a000 nmethod 2645 0x0000000003e18e50 code [0x0000000003e18fc0, 0x0000000003e19218]
Event: 3.335 Thread 0x000000001807a000 2646       1       sun.util.locale.BaseLocale::getVariant (5 bytes)
Event: 3.335 Thread 0x000000001807a000 nmethod 2646 0x0000000003e19310 code [0x0000000003e19460, 0x0000000003e19570]
Event: 3.340 Thread 0x000000001807a000 2647       3       java.lang.Class$MethodArray::remove (39 bytes)
Event: 3.340 Thread 0x000000001807a000 nmethod 2647 0x0000000003e195d0 code [0x0000000003e19760, 0x0000000003e19e28]

GC Heap History (10 events):
Event: 1.944 GC heap before
{Heap before GC invocations=4 (full 1):
 PSYoungGen      total 37888K, used 5109K [0x00000000d6100000, 0x00000000dab00000, 0x0000000100000000)
  eden space 32768K, 0% used [0x00000000d6100000,0x00000000d6100000,0x00000000d8100000)
  from space 5120K, 99% used [0x00000000d8100000,0x00000000d85fd478,0x00000000d8600000)
  to   space 5120K, 0% used [0x00000000da600000,0x00000000da600000,0x00000000dab00000)
 ParOldGen       total 86016K, used 7519K [0x0000000082200000, 0x0000000087600000, 0x00000000d6100000)
  object space 86016K, 8% used [0x0000000082200000,0x0000000082957f30,0x0000000087600000)
 Metaspace       used 20313K, capacity 21114K, committed 21248K, reserved 1067008K
  class space    used 2987K, capacity 3211K, committed 3328K, reserved 1048576K
Event: 1.963 GC heap after
Heap after GC invocations=4 (full 1):
 PSYoungGen      total 37888K, used 0K [0x00000000d6100000, 0x00000000dab00000, 0x0000000100000000)
  eden space 32768K, 0% used [0x00000000d6100000,0x00000000d6100000,0x00000000d8100000)
  from space 5120K, 0% used [0x00000000d8100000,0x00000000d8100000,0x00000000d8600000)
  to   space 5120K, 0% used [0x00000000da600000,0x00000000da600000,0x00000000dab00000)
 ParOldGen       total 62976K, used 10127K [0x0000000082200000, 0x0000000085f80000, 0x00000000d6100000)
  object space 62976K, 16% used [0x0000000082200000,0x0000000082be3e28,0x0000000085f80000)
 Metaspace       used 20313K, capacity 21114K, committed 21248K, reserved 1067008K
  class space    used 2987K, capacity 3211K, committed 3328K, reserved 1048576K
}
Event: 2.428 GC heap before
{Heap before GC invocations=5 (full 1):
 PSYoungGen      total 37888K, used 32768K [0x00000000d6100000, 0x00000000dab00000, 0x0000000100000000)
  eden space 32768K, 100% used [0x00000000d6100000,0x00000000d8100000,0x00000000d8100000)
  from space 5120K, 0% used [0x00000000d8100000,0x00000000d8100000,0x00000000d8600000)
  to   space 5120K, 0% used [0x00000000da600000,0x00000000da600000,0x00000000dab00000)
 ParOldGen       total 62976K, used 10127K [0x0000000082200000, 0x0000000085f80000, 0x00000000d6100000)
  object space 62976K, 16% used [0x0000000082200000,0x0000000082be3e28,0x0000000085f80000)
 Metaspace       used 27189K, capacity 27984K, committed 28032K, reserved 1073152K
  class space    used 4014K, capacity 4212K, committed 4224K, reserved 1048576K
Event: 2.433 GC heap after
Heap after GC invocations=5 (full 1):
 PSYoungGen      total 56320K, used 5116K [0x00000000d6100000, 0x00000000dab00000, 0x0000000100000000)
  eden space 51200K, 0% used [0x00000000d6100000,0x00000000d6100000,0x00000000d9300000)
  from space 5120K, 99% used [0x00000000da600000,0x00000000daaff318,0x00000000dab00000)
  to   space 5120K, 0% used [0x00000000da100000,0x00000000da100000,0x00000000da600000)
 ParOldGen       total 62976K, used 10143K [0x0000000082200000, 0x0000000085f80000, 0x00000000d6100000)
  object space 62976K, 16% used [0x0000000082200000,0x0000000082be7e28,0x0000000085f80000)
 Metaspace       used 27189K, capacity 27984K, committed 28032K, reserved 1073152K
  class space    used 4014K, capacity 4212K, committed 4224K, reserved 1048576K
}
Event: 3.049 GC heap before
{Heap before GC invocations=6 (full 1):
 PSYoungGen      total 56320K, used 56316K [0x00000000d6100000, 0x00000000dab00000, 0x0000000100000000)
  eden space 51200K, 100% used [0x00000000d6100000,0x00000000d9300000,0x00000000d9300000)
  from space 5120K, 99% used [0x00000000da600000,0x00000000daaff318,0x00000000dab00000)
  to   space 5120K, 0% used [0x00000000da100000,0x00000000da100000,0x00000000da600000)
 ParOldGen       total 62976K, used 10143K [0x0000000082200000, 0x0000000085f80000, 0x00000000d6100000)
  object space 62976K, 16% used [0x0000000082200000,0x0000000082be7e28,0x0000000085f80000)
 Metaspace       used 34220K, capacity 35114K, committed 35328K, reserved 1079296K
  class space    used 4813K, capacity 5059K, committed 5120K, reserved 1048576K
Event: 3.059 GC heap after
Heap after GC invocations=6 (full 1):
 PSYoungGen      total 70656K, used 5088K [0x00000000d6100000, 0x00000000dc800000, 0x0000000100000000)
  eden space 65536K, 0% used [0x00000000d6100000,0x00000000d6100000,0x00000000da100000)
  from space 5120K, 99% used [0x00000000da100000,0x00000000da5f8010,0x00000000da600000)
  to   space 12288K, 0% used [0x00000000dbc00000,0x00000000dbc00000,0x00000000dc800000)
 ParOldGen       total 62976K, used 15145K [0x0000000082200000, 0x0000000085f80000, 0x00000000d6100000)
  object space 62976K, 24% used [0x0000000082200000,0x00000000830ca7a8,0x0000000085f80000)
 Metaspace       used 34220K, capacity 35114K, committed 35328K, reserved 1079296K
  class space    used 4813K, capacity 5059K, committed 5120K, reserved 1048576K
}
Event: 3.075 GC heap before
{Heap before GC invocations=7 (full 1):
 PSYoungGen      total 70656K, used 8405K [0x00000000d6100000, 0x00000000dc800000, 0x0000000100000000)
  eden space 65536K, 5% used [0x00000000d6100000,0x00000000d643d5f0,0x00000000da100000)
  from space 5120K, 99% used [0x00000000da100000,0x00000000da5f8010,0x00000000da600000)
  to   space 12288K, 0% used [0x00000000dbc00000,0x00000000dbc00000,0x00000000dc800000)
 ParOldGen       total 62976K, used 15145K [0x0000000082200000, 0x0000000085f80000, 0x00000000d6100000)
  object space 62976K, 24% used [0x0000000082200000,0x00000000830ca7a8,0x0000000085f80000)
 Metaspace       used 34392K, capacity 35242K, committed 35416K, reserved 1079296K
  class space    used 4845K, capacity 5059K, committed 5120K, reserved 1048576K
Event: 3.079 GC heap after
Heap after GC invocations=7 (full 1):
 PSYoungGen      total 93696K, used 5184K [0x00000000d6100000, 0x00000000def80000, 0x0000000100000000)
  eden space 81408K, 0% used [0x00000000d6100000,0x00000000d6100000,0x00000000db080000)
  from space 12288K, 42% used [0x00000000dbc00000,0x00000000dc110010,0x00000000dc800000)
  to   space 11776K, 0% used [0x00000000db080000,0x00000000db080000,0x00000000dbc00000)
 ParOldGen       total 62976K, used 15153K [0x0000000082200000, 0x0000000085f80000, 0x00000000d6100000)
  object space 62976K, 24% used [0x0000000082200000,0x00000000830cc7a8,0x0000000085f80000)
 Metaspace       used 34392K, capacity 35242K, committed 35416K, reserved 1079296K
  class space    used 4845K, capacity 5059K, committed 5120K, reserved 1048576K
}
Event: 3.079 GC heap before
{Heap before GC invocations=8 (full 2):
 PSYoungGen      total 93696K, used 5184K [0x00000000d6100000, 0x00000000def80000, 0x0000000100000000)
  eden space 81408K, 0% used [0x00000000d6100000,0x00000000d6100000,0x00000000db080000)
  from space 12288K, 42% used [0x00000000dbc00000,0x00000000dc110010,0x00000000dc800000)
  to   space 11776K, 0% used [0x00000000db080000,0x00000000db080000,0x00000000dbc00000)
 ParOldGen       total 62976K, used 15153K [0x0000000082200000, 0x0000000085f80000, 0x00000000d6100000)
  object space 62976K, 24% used [0x0000000082200000,0x00000000830cc7a8,0x0000000085f80000)
 Metaspace       used 34392K, capacity 35242K, committed 35416K, reserved 1079296K
  class space    used 4845K, capacity 5059K, committed 5120K, reserved 1048576K
Event: 3.120 GC heap after
Heap after GC invocations=8 (full 2):
 PSYoungGen      total 93696K, used 0K [0x00000000d6100000, 0x00000000def80000, 0x0000000100000000)
  eden space 81408K, 0% used [0x00000000d6100000,0x00000000d6100000,0x00000000db080000)
  from space 12288K, 0% used [0x00000000dbc00000,0x00000000dbc00000,0x00000000dc800000)
  to   space 11776K, 0% used [0x00000000db080000,0x00000000db080000,0x00000000dbc00000)
 ParOldGen       total 80896K, used 13442K [0x0000000082200000, 0x0000000087100000, 0x00000000d6100000)
  object space 80896K, 16% used [0x0000000082200000,0x0000000082f20bc0,0x0000000087100000)
 Metaspace       used 34384K, capacity 35230K, committed 35416K, reserved 1079296K
  class space    used 4844K, capacity 5057K, committed 5120K, reserved 1048576K
}

Deoptimization events (10 events):
Event: 2.548 Thread 0x000000002121b000 Uncommon trap: reason=predicate action=maybe_recompile pc=0x0000000003872fd8 method=sun.net.www.ParseUtil.encodePath(Ljava/lang/String;Z)Ljava/lang/String; @ 36
Event: 2.576 Thread 0x0000000064d8f800 Uncommon trap: reason=unstable_if action=reinterpret pc=0x0000000003b1f790 method=java.io.ByteArrayInputStream.read()I @ 8
Event: 2.576 Thread 0x0000000064d8f800 Uncommon trap: reason=unstable_if action=reinterpret pc=0x0000000003a68fdc method=java.util.regex.Pattern$BmpCharProperty.match(Ljava/util/regex/Matcher;ILjava/lang/CharSequence;)Z @ 5
Event: 2.733 Thread 0x000000002121b000 Uncommon trap: reason=predicate action=maybe_recompile pc=0x0000000003d35024 method=java.util.regex.Pattern$SliceI.match(Ljava/util/regex/Matcher;ILjava/lang/CharSequence;)Z @ 21
Event: 2.819 Thread 0x0000000019d4b800 Uncommon trap: reason=class_check action=maybe_recompile pc=0x0000000003ce4024 method=java.util.regex.Matcher.search(I)Z @ 86
Event: 2.819 Thread 0x0000000019d4b800 Uncommon trap: reason=class_check action=maybe_recompile pc=0x0000000003ce4024 method=java.util.regex.Matcher.search(I)Z @ 86
Event: 2.819 Thread 0x0000000019d4b800 Uncommon trap: reason=class_check action=maybe_recompile pc=0x0000000003ce4024 method=java.util.regex.Matcher.search(I)Z @ 86
Event: 2.819 Thread 0x0000000019d4b800 Uncommon trap: reason=class_check action=maybe_recompile pc=0x0000000003ce4024 method=java.util.regex.Matcher.search(I)Z @ 86
Event: 2.893 Thread 0x0000000019d4b800 Uncommon trap: reason=unstable_if action=reinterpret pc=0x0000000003bcbb84 method=java.lang.String$CaseInsensitiveComparator.compare(Ljava/lang/String;Ljava/lang/String;)I @ 70
Event: 2.925 Thread 0x0000000019d4b800 Uncommon trap: reason=unstable_if action=reinterpret pc=0x0000000003d42d68 method=java.util.jar.Manifest$FastInputStream.peek()B @ 8

Classes redefined (0 events):
No events

Internal exceptions (10 events):
Event: 2.481 Thread 0x0000000019d4b800 Exception <a 'java/lang/ClassNotFoundException': java/lang/ObjectCustomizer> (0x00000000d688c310) thrown at [C:\re\workspace\8-2-build-windows-amd64-cygwin\jdk8u191\11896\hotspot\src\share\vm\classfile\systemDictionary.cpp, line 210]
Event: 2.481 Thread 0x0000000019d4b800 Exception <a 'java/lang/ClassNotFoundException': com/mchange/v2/c3p0/impl/AbstractIdentityTokenizedCustomizer> (0x00000000d689e878) thrown at [C:\re\workspace\8-2-build-windows-amd64-cygwin\jdk8u191\11896\hotspot\src\share\vm\classfile\systemDictionary.cp
Event: 2.481 Thread 0x0000000019d4b800 Exception <a 'java/lang/ClassNotFoundException': com/mchange/v2/c3p0/impl/IdentityTokenResolvableCustomizer> (0x00000000d68ade60) thrown at [C:\re\workspace\8-2-build-windows-amd64-cygwin\jdk8u191\11896\hotspot\src\share\vm\classfile\systemDictionary.cpp,
Event: 2.481 Thread 0x0000000019d4b800 Exception <a 'java/lang/ClassNotFoundException': com/mchange/v2/c3p0/impl/WrapperConnectionPoolDataSourceBaseCustomizer> (0x00000000d68be440) thrown at [C:\re\workspace\8-2-build-windows-amd64-cygwin\jdk8u191\11896\hotspot\src\share\vm\classfile\systemDic
Event: 2.483 Thread 0x0000000019d4b800 Exception <a 'java/lang/ClassNotFoundException': com/mchange/v2/c3p0/WrapperConnectionPoolDataSourceCustomizer> (0x00000000d693f028) thrown at [C:\re\workspace\8-2-build-windows-amd64-cygwin\jdk8u191\11896\hotspot\src\share\vm\classfile\systemDictionary.c
Event: 2.483 Thread 0x0000000019d4b800 Exception <a 'java/lang/ClassNotFoundException': com/mchange/v2/c3p0/DriverManagerDataSourceBeanInfo> (0x00000000d695d5f8) thrown at [C:\re\workspace\8-2-build-windows-amd64-cygwin\jdk8u191\11896\hotspot\src\share\vm\classfile\systemDictionary.cpp, line 2
Event: 2.484 Thread 0x0000000019d4b800 Exception <a 'java/lang/ClassNotFoundException': com/mchange/v2/c3p0/impl/DriverManagerDataSourceBaseBeanInfo> (0x00000000d696b488) thrown at [C:\re\workspace\8-2-build-windows-amd64-cygwin\jdk8u191\11896\hotspot\src\share\vm\classfile\systemDictionary.cp
Event: 2.484 Thread 0x0000000019d4b800 Exception <a 'java/lang/ClassNotFoundException': com/mchange/v2/c3p0/impl/DriverManagerDataSourceBaseCustomizer> (0x00000000d6979250) thrown at [C:\re\workspace\8-2-build-windows-amd64-cygwin\jdk8u191\11896\hotspot\src\share\vm\classfile\systemDictionary.
Event: 2.484 Thread 0x0000000019d4b800 Exception <a 'java/lang/ClassNotFoundException': com/mchange/v2/c3p0/DriverManagerDataSourceCustomizer> (0x00000000d69a0ac8) thrown at [C:\re\workspace\8-2-build-windows-amd64-cygwin\jdk8u191\11896\hotspot\src\share\vm\classfile\systemDictionary.cpp, line
Event: 2.827 Thread 0x0000000019d4b800 Exception <a 'java/lang/NullPointerException'> (0x00000000d8254238) thrown at [C:\re\workspace\8-2-build-windows-amd64-cygwin\jdk8u191\11896\hotspot\src\share\vm\runtime\reflection.cpp, line 922]

Events (10 events):
Event: 3.339 loading class org/hibernate/stat/SecondLevelCacheStatistics
Event: 3.339 loading class org/hibernate/stat/SecondLevelCacheStatistics done
Event: 3.339 loading class org/hibernate/internal/CoreMessageLogger_$logger_pt_BR
Event: 3.339 loading class org/hibernate/internal/CoreMessageLogger_$logger_pt_BR done
Event: 3.339 loading class org/hibernate/internal/CoreMessageLogger_$logger_pt
Event: 3.339 loading class org/hibernate/internal/CoreMessageLogger_$logger_pt done
Event: 3.341 loading class org/hibernate/resource/transaction/backend/jta/internal/JtaTransactionCoordinatorImpl
Event: 3.341 loading class org/hibernate/resource/transaction/backend/jta/internal/JtaTransactionCoordinatorImpl done
Event: 3.341 Executing VM operation: CollectForMetadataAllocation
Event: 3.342 Executing VM operation: CollectForMetadataAllocation done


Dynamic libraries:
0x00007ff6e4da0000 - 0x00007ff6e4dd7000 	C:\Program Files\Java\jre1.8.0_191\bin\javaw.exe
0x00007ffdba5f0000 - 0x00007ffdba7cb000 	C:\Windows\SYSTEM32\ntdll.dll
0x00007ffdb8b20000 - 0x00007ffdb8bce000 	C:\Windows\System32\KERNEL32.DLL
0x00007ffdb7630000 - 0x00007ffdb787a000 	C:\Windows\System32\KERNELBASE.dll
0x00007ffdb8320000 - 0x00007ffdb83c1000 	C:\Windows\System32\ADVAPI32.dll
0x00007ffdb8490000 - 0x00007ffdb852d000 	C:\Windows\System32\msvcrt.dll
0x00007ffdb85d0000 - 0x00007ffdb8629000 	C:\Windows\System32\sechost.dll
0x00007ffdba370000 - 0x00007ffdba495000 	C:\Windows\System32\RPCRT4.dll
0x00007ffdb7f90000 - 0x00007ffdb80da000 	C:\Windows\System32\USER32.dll
0x00007ffdb7610000 - 0x00007ffdb762e000 	C:\Windows\System32\win32u.dll
0x00007ffdb8640000 - 0x00007ffdb8667000 	C:\Windows\System32\GDI32.dll
0x00007ffdb6c10000 - 0x00007ffdb6d98000 	C:\Windows\System32\gdi32full.dll
0x00007ffdb7880000 - 0x00007ffdb791a000 	C:\Windows\System32\msvcp_win.dll
0x00007ffdb74a0000 - 0x00007ffdb7596000 	C:\Windows\System32\ucrtbase.dll
0x00007ffda8f80000 - 0x00007ffda91e7000 	C:\Windows\WinSxS\amd64_microsoft.windows.common-controls_6595b64144ccf1df_6.0.15063.1155_none_40c7922129a7722b\COMCTL32.dll
0x00007ffdba070000 - 0x00007ffdba369000 	C:\Windows\System32\combase.dll
0x00007ffdb75a0000 - 0x00007ffdb760a000 	C:\Windows\System32\bcryptPrimitives.dll
0x00007ffdb8950000 - 0x00007ffdb897d000 	C:\Windows\System32\IMM32.DLL
0x00007ffda0c40000 - 0x00007ffda0cef000 	C:\Program Files\McAfee\Endpoint Security\Threat Prevention\Ips\EpMPApi.dll
0x00007ffdb7af0000 - 0x00007ffdb7b47000 	C:\Windows\System32\WINTRUST.dll
0x00007ffdb6af0000 - 0x00007ffdb6b01000 	C:\Windows\System32\MSASN1.dll
0x00007ffdb7920000 - 0x00007ffdb7ae9000 	C:\Windows\System32\CRYPT32.dll
0x00000000738f0000 - 0x00000000738fc000 	C:\Program Files\McAfee\Endpoint Security\Threat Prevention\Ips\EpMPThe.dll
0x0000000072b60000 - 0x0000000072c32000 	C:\Program Files\Java\jre1.8.0_191\bin\msvcr100.dll
0x0000000072d30000 - 0x00000000735d4000 	C:\Program Files\Java\jre1.8.0_191\bin\server\jvm.dll
0x00007ffdb8630000 - 0x00007ffdb8638000 	C:\Windows\System32\PSAPI.DLL
0x00007ffdb4d40000 - 0x00007ffdb4d63000 	C:\Windows\SYSTEM32\WINMM.dll
0x00007ffda2b90000 - 0x00007ffda2b99000 	C:\Windows\SYSTEM32\WSOCK32.dll
0x00007ffda9200000 - 0x00007ffda920a000 	C:\Windows\SYSTEM32\VERSION.dll
0x00007ffdb82b0000 - 0x00007ffdb831c000 	C:\Windows\System32\WS2_32.dll
0x00007ffdb4d10000 - 0x00007ffdb4d3b000 	C:\Windows\SYSTEM32\winmmbase.dll
0x00007ffdb6b10000 - 0x00007ffdb6b59000 	C:\Windows\System32\cfgmgr32.dll
0x0000000072d20000 - 0x0000000072d2f000 	C:\Program Files\Java\jre1.8.0_191\bin\verify.dll
0x0000000072cf0000 - 0x0000000072d19000 	C:\Program Files\Java\jre1.8.0_191\bin\java.dll
0x0000000072cd0000 - 0x0000000072ce6000 	C:\Program Files\Java\jre1.8.0_191\bin\zip.dll
0x00007ffdb8c30000 - 0x00007ffdba068000 	C:\Windows\System32\SHELL32.dll
0x00007ffdb6da0000 - 0x00007ffdb7491000 	C:\Windows\System32\windows.storage.dll
0x00007ffdb8bd0000 - 0x00007ffdb8c21000 	C:\Windows\System32\shlwapi.dll
0x00007ffdb6a60000 - 0x00007ffdb6a71000 	C:\Windows\System32\kernel.appcore.dll
0x00007ffdb6a80000 - 0x00007ffdb6acc000 	C:\Windows\System32\powrprof.dll
0x00007ffdb6ad0000 - 0x00007ffdb6ae5000 	C:\Windows\System32\profapi.dll
0x00000000031a0000 - 0x000000000324a000 	C:\Windows\System32\shcore.dll
0x0000000003140000 - 0x0000000003143000 	C:\Program Files\Java\jre1.8.0_191\bin\api-ms-win-core-console-l1-1-0.dll
0x0000000003150000 - 0x0000000003153000 	C:\Program Files\Java\jre1.8.0_191\bin\api-ms-win-core-datetime-l1-1-0.dll
0x0000000003160000 - 0x0000000003163000 	C:\Program Files\Java\jre1.8.0_191\bin\api-ms-win-core-debug-l1-1-0.dll
0x0000000003170000 - 0x0000000003173000 	C:\Program Files\Java\jre1.8.0_191\bin\api-ms-win-core-errorhandling-l1-1-0.dll
0x0000000003180000 - 0x0000000003184000 	C:\Program Files\Java\jre1.8.0_191\bin\api-ms-win-core-file-l1-1-0.dll
0x0000000003250000 - 0x0000000003253000 	C:\Program Files\Java\jre1.8.0_191\bin\api-ms-win-core-file-l1-2-0.dll
0x0000000003260000 - 0x0000000003263000 	C:\Program Files\Java\jre1.8.0_191\bin\api-ms-win-core-file-l2-1-0.dll
0x0000000003270000 - 0x0000000003273000 	C:\Program Files\Java\jre1.8.0_191\bin\api-ms-win-core-handle-l1-1-0.dll
0x0000000003280000 - 0x0000000003283000 	C:\Program Files\Java\jre1.8.0_191\bin\api-ms-win-core-heap-l1-1-0.dll
0x00000000033a0000 - 0x00000000033a3000 	C:\Program Files\Java\jre1.8.0_191\bin\api-ms-win-core-interlocked-l1-1-0.dll
0x00000000033b0000 - 0x00000000033b3000 	C:\Program Files\Java\jre1.8.0_191\bin\api-ms-win-core-libraryloader-l1-1-0.dll
0x00000000033c0000 - 0x00000000033c3000 	C:\Program Files\Java\jre1.8.0_191\bin\api-ms-win-core-localization-l1-2-0.dll
0x00000000033d0000 - 0x00000000033d3000 	C:\Program Files\Java\jre1.8.0_191\bin\api-ms-win-core-memory-l1-1-0.dll
0x00000000033e0000 - 0x00000000033e3000 	C:\Program Files\Java\jre1.8.0_191\bin\api-ms-win-core-namedpipe-l1-1-0.dll
0x00000000033f0000 - 0x00000000033f3000 	C:\Program Files\Java\jre1.8.0_191\bin\api-ms-win-core-processenvironment-l1-1-0.dll
0x0000000003400000 - 0x0000000003403000 	C:\Program Files\Java\jre1.8.0_191\bin\api-ms-win-core-processthreads-l1-1-0.dll
0x0000000003410000 - 0x0000000003413000 	C:\Program Files\Java\jre1.8.0_191\bin\api-ms-win-core-processthreads-l1-1-1.dll
0x0000000003420000 - 0x0000000003423000 	C:\Program Files\Java\jre1.8.0_191\bin\api-ms-win-core-profile-l1-1-0.dll
0x0000000003430000 - 0x0000000003433000 	C:\Program Files\Java\jre1.8.0_191\bin\api-ms-win-core-rtlsupport-l1-1-0.dll
0x0000000003440000 - 0x0000000003443000 	C:\Program Files\Java\jre1.8.0_191\bin\api-ms-win-core-string-l1-1-0.dll
0x0000000003450000 - 0x0000000003453000 	C:\Program Files\Java\jre1.8.0_191\bin\api-ms-win-core-synch-l1-1-0.dll
0x0000000003460000 - 0x0000000003463000 	C:\Program Files\Java\jre1.8.0_191\bin\api-ms-win-core-synch-l1-2-0.dll
0x0000000003470000 - 0x0000000003473000 	C:\Program Files\Java\jre1.8.0_191\bin\api-ms-win-core-sysinfo-l1-1-0.dll
0x0000000003480000 - 0x0000000003483000 	C:\Program Files\Java\jre1.8.0_191\bin\api-ms-win-core-timezone-l1-1-0.dll
0x0000000019fd0000 - 0x0000000019fd3000 	C:\Program Files\Java\jre1.8.0_191\bin\api-ms-win-core-util-l1-1-0.dll
0x0000000019fe0000 - 0x0000000019fe3000 	C:\Program Files\Java\jre1.8.0_191\bin\api-ms-win-crt-conio-l1-1-0.dll
0x0000000019ff0000 - 0x0000000019ff4000 	C:\Program Files\Java\jre1.8.0_191\bin\api-ms-win-crt-convert-l1-1-0.dll
0x000000001a000000 - 0x000000001a003000 	C:\Program Files\Java\jre1.8.0_191\bin\api-ms-win-crt-environment-l1-1-0.dll
0x000000001a010000 - 0x000000001a013000 	C:\Program Files\Java\jre1.8.0_191\bin\api-ms-win-crt-filesystem-l1-1-0.dll
0x000000001a020000 - 0x000000001a023000 	C:\Program Files\Java\jre1.8.0_191\bin\api-ms-win-crt-heap-l1-1-0.dll
0x000000001a030000 - 0x000000001a033000 	C:\Program Files\Java\jre1.8.0_191\bin\api-ms-win-crt-locale-l1-1-0.dll
0x000000001a040000 - 0x000000001a045000 	C:\Program Files\Java\jre1.8.0_191\bin\api-ms-win-crt-math-l1-1-0.dll
0x000000001a050000 - 0x000000001a055000 	C:\Program Files\Java\jre1.8.0_191\bin\api-ms-win-crt-multibyte-l1-1-0.dll
0x000000001a060000 - 0x000000001a070000 	C:\Program Files\Java\jre1.8.0_191\bin\api-ms-win-crt-private-l1-1-0.dll
0x000000001a070000 - 0x000000001a073000 	C:\Program Files\Java\jre1.8.0_191\bin\api-ms-win-crt-process-l1-1-0.dll
0x000000001a080000 - 0x000000001a084000 	C:\Program Files\Java\jre1.8.0_191\bin\api-ms-win-crt-runtime-l1-1-0.dll
0x000000001a090000 - 0x000000001a094000 	C:\Program Files\Java\jre1.8.0_191\bin\api-ms-win-crt-stdio-l1-1-0.dll
0x000000001a0a0000 - 0x000000001a0a4000 	C:\Program Files\Java\jre1.8.0_191\bin\api-ms-win-crt-string-l1-1-0.dll
0x000000001a0b0000 - 0x000000001a0b3000 	C:\Program Files\Java\jre1.8.0_191\bin\api-ms-win-crt-time-l1-1-0.dll
0x000000001a0c0000 - 0x000000001a0c3000 	C:\Program Files\Java\jre1.8.0_191\bin\api-ms-win-crt-utility-l1-1-0.dll
0x00007ffd96460000 - 0x00007ffd96556000 	C:\Program Files\Java\jre1.8.0_191\bin\ucrtbase.dll
0x00007ffdb23c0000 - 0x00007ffdb23d6000 	C:\Program Files\Java\jre1.8.0_191\bin\vcruntime140.dll
0x00007ffdb2320000 - 0x00007ffdb23bc000 	C:\Program Files\Java\jre1.8.0_191\bin\msvcp140.dll
0x00007ffdaf760000 - 0x00007ffdaf7b1000 	C:\Program Files\Java\jre1.8.0_191\bin\concrt140.dll
0x0000000072b30000 - 0x0000000072b53000 	C:\Program Files\Java\jre1.8.0_191\bin\prism_d3d.dll
0x00007ffd846b0000 - 0x00007ffd84839000 	C:\Windows\system32\d3d9.dll
0x00007ffdb4cb0000 - 0x00007ffdb4cda000 	C:\Windows\SYSTEM32\dwmapi.dll
0x00007ffdb4f60000 - 0x00007ffdb4ff5000 	C:\Windows\system32\uxtheme.dll
0x00007ffd935e0000 - 0x00007ffd937b7000 	C:\Windows\System32\DriverStore\FileRepository\ki127171.inf_amd64_368f8c7337214025\igdumdim64.dll
0x00007ffd71540000 - 0x00007ffd7453d000 	C:\Windows\System32\DriverStore\FileRepository\ki127171.inf_amd64_368f8c7337214025\igd9dxva64.dll
0x00007ffdb80f0000 - 0x00007ffdb8235000 	C:\Windows\System32\ole32.dll
0x00007ffdb83d0000 - 0x00007ffdb8490000 	C:\Windows\System32\OLEAUT32.dll
0x0000000072ae0000 - 0x0000000072b29000 	C:\Program Files\Java\jre1.8.0_191\bin\glass.dll
0x00007ffdb8670000 - 0x00007ffdb8778000 	C:\Windows\System32\COMDLG32.dll
0x00007ffdb87e0000 - 0x00007ffdb8946000 	C:\Windows\System32\MSCTF.dll
0x00007ffdac610000 - 0x00007ffdae3a5000 	C:\Windows\System32\DriverStore\FileRepository\ki127171.inf_amd64_368f8c7337214025\igc64.dll
0x000000006f420000 - 0x0000000072ada000 	C:\Program Files\Java\jre1.8.0_191\bin\jfxwebkit.dll
0x00007ffdb64b0000 - 0x00007ffdb64c7000 	C:\Windows\SYSTEM32\CRYPTSP.dll
0x00007ffdb5bf0000 - 0x00007ffdb5c24000 	C:\Windows\system32\rsaenh.dll
0x00007ffdb6620000 - 0x00007ffdb6645000 	C:\Windows\SYSTEM32\bcrypt.dll
0x00007ffdb64d0000 - 0x00007ffdb64db000 	C:\Windows\SYSTEM32\CRYPTBASE.dll
0x000000006f400000 - 0x000000006f414000 	C:\Program Files\Java\jre1.8.0_191\bin\javafx_font.dll
0x00007ffdaf0c0000 - 0x00007ffdaf37f000 	C:\Windows\SYSTEM32\dwrite.dll
0x0000000072cb0000 - 0x0000000072cca000 	C:\Program Files\Java\jre1.8.0_191\bin\net.dll
0x00007ffdb6310000 - 0x00007ffdb636c000 	C:\Windows\system32\mswsock.dll
0x0000000072c90000 - 0x0000000072ca1000 	C:\Program Files\Java\jre1.8.0_191\bin\nio.dll
0x00007ffdb8530000 - 0x00007ffdb85ce000 	C:\Windows\System32\clbcatq.dll
0x00007ffdb17f0000 - 0x00007ffdb199c000 	C:\Windows\SYSTEM32\WindowsCodecs.dll
0x00007ffd9ce00000 - 0x00007ffd9ce47000 	C:\Windows\system32\dataexchange.dll
0x00007ffdb3850000 - 0x00007ffdb3b2f000 	C:\Windows\system32\d3d11.dll
0x00007ffdb41d0000 - 0x00007ffdb42f3000 	C:\Windows\system32\dcomp.dll
0x00007ffdb5730000 - 0x00007ffdb57d4000 	C:\Windows\system32\dxgi.dll
0x00007ffdb5240000 - 0x00007ffdb53b0000 	C:\Windows\system32\twinapi.appcore.dll
0x00007ffdaea30000 - 0x00007ffdaea61000 	C:\Program Files\Common Files\Microsoft Shared\Ink\rtscom.dll
0x00007ffdb1240000 - 0x00007ffdb12c1000 	C:\Windows\System32\TextInputFramework.dll
0x00007ffdb1340000 - 0x00007ffdb1613000 	C:\Windows\System32\CoreUIComponents.dll
0x00007ffdb40e0000 - 0x00007ffdb41c4000 	C:\Windows\System32\CoreMessaging.dll
0x00007ffdb57e0000 - 0x00007ffdb5811000 	C:\Windows\SYSTEM32\ntmarta.dll
0x00007ffdb2660000 - 0x00007ffdb2799000 	C:\Windows\SYSTEM32\wintypes.dll
0x00007ffdb4920000 - 0x00007ffdb4935000 	C:\Windows\SYSTEM32\usermgrcli.dll
0x000000006f3e0000 - 0x000000006f3f2000 	C:\Program Files\Java\jre1.8.0_191\bin\prism_common.dll
0x00007ffda2db0000 - 0x00007ffda2dc6000 	C:\Windows\system32\napinsp.dll
0x00007ffda2dd0000 - 0x00007ffda2dea000 	C:\Windows\system32\pnrpnsp.dll
0x00007ffdb4a30000 - 0x00007ffdb4a48000 	C:\Windows\system32\NLAapi.dll
0x00007ffdb60f0000 - 0x00007ffdb6194000 	C:\Windows\SYSTEM32\DNSAPI.dll
0x00007ffdb80e0000 - 0x00007ffdb80e8000 	C:\Windows\System32\NSI.dll

VM Arguments:
jvm_args: -Dfile.encoding=UTF-8 
java_command: jsrh.Main
java_class_path (initial): C:\Program Files\Java\jre1.8.0_191\lib\resources.jar;C:\Program Files\Java\jre1.8.0_191\lib\rt.jar;C:\Program Files\Java\jre1.8.0_191\lib\jsse.jar;C:\Program Files\Java\jre1.8.0_191\lib\jce.jar;C:\Program Files\Java\jre1.8.0_191\lib\charsets.jar;C:\Program Files\Java\jre1.8.0_191\lib\jfr.jar;C:\Program Files\Java\jre1.8.0_191\lib\ext\access-bridge-64.jar;C:\Program Files\Java\jre1.8.0_191\lib\ext\cldrdata.jar;C:\Program Files\Java\jre1.8.0_191\lib\ext\dnsns.jar;C:\Program Files\Java\jre1.8.0_191\lib\ext\jaccess.jar;C:\Program Files\Java\jre1.8.0_191\lib\ext\jfxrt.jar;C:\Program Files\Java\jre1.8.0_191\lib\ext\localedata.jar;C:\Program Files\Java\jre1.8.0_191\lib\ext\nashorn.jar;C:\Program Files\Java\jre1.8.0_191\lib\ext\sunec.jar;C:\Program Files\Java\jre1.8.0_191\lib\ext\sunjce_provider.jar;C:\Program Files\Java\jre1.8.0_191\lib\ext\sunmscapi.jar;C:\Program Files\Java\jre1.8.0_191\lib\ext\sunpkcs11.jar;C:\Program Files\Java\jre1.8.0_191\lib\ext\zipfs.jar;C:\Users\fabricio.barrozo\git\jsrh\target\classes;C:\Users\fabricio.barrozo\.m2\repository\org\hibernate\hibernate-entitymanager\5.1.0.Final\hibernate-entitymanager-5.1.0.Final.jar;C:\Users\fabricio.barrozo\.m2\repository\org\hibernate\hibernate-core\5.1.0.Final\hibernate-core-5.1.0.Final.jar;C:\Users\fabricio.barrozo\.m2\repository\org\jboss\jandex\2.0.0.Final\jandex-2.0.0.Final.jar;C:\Users\fabricio.barrozo\.m2\repository\com\fasterxml\classmate\1.3.0\classmate-1.3.0.jar;C:\Users\fabricio.barrozo\.m2\repository\org\jboss\logging\jboss-logging\3.3.0.Final\jboss-logging-3.3.0.Final.jar;C:\Users\fabricio.barrozo\.m2\repository\org\javassist\javassist\3.20.0-GA\javassist-3.20.0-GA.jar;C:\Users\fabricio.barrozo\.m2\repository\commons-collections\commons-collections\2.1\commons-collections-2.1.jar;C:\Users\fabricio.barrozo\.m2\repository\commons-logging\commons-logging\1.0.4\commons-logging-1.0.4.jar;C:\Users\fabricio.barrozo\.m2\repository\dom4j\dom4j\1.6.1\dom4j-1.6.1.jar;C:\Users\fabrici
Launcher Type: SUN_STANDARD

Environment Variables:
JAVA_HOME=C:\Program Files\Java\jdk1.8.0_191
PATH=C:/Program Files/Java/jre1.8.0_191/bin/server;C:/Program Files/Java/jre1.8.0_191/bin;C:/Program Files/Java/jre1.8.0_191/lib/amd64;C:\Program Files (x86)\Common Files\Oracle\Java\javapath;C:\ProgramData\Oracle\Java\javapath;C:\Program Files (x86)\Intel\iCLS Client\;C:\Program Files\Intel\iCLS Client\;C:\Windows\system32;C:\Windows;C:\Windows\System32\Wbem;C:\Windows\System32\WindowsPowerShell\v1.0\;C:\Program Files (x86)\Intel\Intel(R) Management Engine Components\DAL;C:\Program Files\Intel\Intel(R) Management Engine Components\DAL;C:\Program Files (x86)\Intel\Intel(R) Management Engine Components\IPT;C:\Program Files\Intel\Intel(R) Management Engine Components\IPT;C:\Program Files\Intel\WiFi\bin\;C:\Program Files\Common Files\Intel\WirelessCommon\;c:\Program Files\Microsoft SQL Server\110\Tools\Binn\;c:\Program Files (x86)\Microsoft SQL Server\110\Tools\Binn\ManagementStudio\;c:\Program Files (x86)\Microsoft SQL Server\110\Tools\Binn\;c:\Program Files (x86)\Microsoft SQL Server\110\DTS\Binn\;C:\apache-maven-3.6.0\bin;C:\Users\fabricio.barrozo\AppData\Local\Microsoft\WindowsApps;;C:\Windows\System32;
USERNAME=fabricio.barrozo
OS=Windows_NT
PROCESSOR_IDENTIFIER=Intel64 Family 6 Model 94 Stepping 3, GenuineIntel



---------------  S Y S T E M  ---------------

OS: Windows 10.0 , 64 bit Build 15063 (10.0.15063.1058)

CPU:total 4 (initial active 4) (4 cores per cpu, 1 threads per core) family 6 model 94 stepping 3, cmov, cx8, fxsr, mmx, sse, sse2, sse3, ssse3, sse4.1, sse4.2, popcnt, avx, avx2, aes, clmul, erms, rtm, 3dnowpref, lzcnt, tsc, tscinvbit, bmi1, bmi2, adx

Memory: 4k page, physical 8249056k(1987780k free), swap 10196704k(6160k free)

vm_info: Java HotSpot(TM) 64-Bit Server VM (25.191-b12) for windows-amd64 JRE (1.8.0_191-b12), built on Oct  6 2018 09:29:03 by "java_re" with MS VC++ 10.0 (VS2010)

time: Wed Nov 21 16:14:57 2018
elapsed time: 3 seconds (0d 0h 0m 3s)

